{"C:\\Users\\User\\Desktop\\labs\\auto\\auto\\avtomat.lab2\\src\\matrix.js":{"path":"C:\\Users\\User\\Desktop\\labs\\auto\\auto\\avtomat.lab2\\src\\matrix.js","statementMap":{"0":{"start":{"line":2,"column":2},"end":{"line":2,"column":99}},"1":{"start":{"line":2,"column":43},"end":{"line":2,"column":99}},"2":{"start":{"line":3,"column":15},"end":{"line":3,"column":26}},"3":{"start":{"line":4,"column":2},"end":{"line":4,"column":101}},"4":{"start":{"line":4,"column":45},"end":{"line":4,"column":101}},"5":{"start":{"line":5,"column":2},"end":{"line":10,"column":3}},"6":{"start":{"line":5,"column":15},"end":{"line":5,"column":16}},"7":{"start":{"line":6,"column":4},"end":{"line":6,"column":110}},"8":{"start":{"line":6,"column":54},"end":{"line":6,"column":110}},"9":{"start":{"line":7,"column":4},"end":{"line":9,"column":5}},"10":{"start":{"line":7,"column":17},"end":{"line":7,"column":18}},"11":{"start":{"line":8,"column":6},"end":{"line":8,"column":124}},"12":{"start":{"line":8,"column":64},"end":{"line":8,"column":124}},"13":{"start":{"line":14,"column":2},"end":{"line":14,"column":21}},"14":{"start":{"line":15,"column":2},"end":{"line":15,"column":35}},"15":{"start":{"line":15,"column":22},"end":{"line":15,"column":33}},"16":{"start":{"line":19,"column":2},"end":{"line":19,"column":21}},"17":{"start":{"line":20,"column":2},"end":{"line":20,"column":33}},"18":{"start":{"line":24,"column":17},"end":{"line":24,"column":25}},"19":{"start":{"line":25,"column":2},"end":{"line":25,"column":17}},"20":{"start":{"line":29,"column":2},"end":{"line":29,"column":26}},"21":{"start":{"line":30,"column":2},"end":{"line":30,"column":26}},"22":{"start":{"line":31,"column":19},"end":{"line":31,"column":27}},"23":{"start":{"line":32,"column":19},"end":{"line":32,"column":27}},"24":{"start":{"line":33,"column":2},"end":{"line":33,"column":91}},"25":{"start":{"line":33,"column":30},"end":{"line":33,"column":91}},"26":{"start":{"line":34,"column":12},"end":{"line":34,"column":14}},"27":{"start":{"line":35,"column":2},"end":{"line":39,"column":3}},"28":{"start":{"line":35,"column":15},"end":{"line":35,"column":16}},"29":{"start":{"line":36,"column":16},"end":{"line":36,"column":29}},"30":{"start":{"line":37,"column":4},"end":{"line":37,"column":60}},"31":{"start":{"line":37,"column":17},"end":{"line":37,"column":18}},"32":{"start":{"line":37,"column":33},"end":{"line":37,"column":60}},"33":{"start":{"line":38,"column":4},"end":{"line":38,"column":16}},"34":{"start":{"line":40,"column":2},"end":{"line":40,"column":11}},"35":{"start":{"line":44,"column":2},"end":{"line":44,"column":26}},"36":{"start":{"line":45,"column":2},"end":{"line":45,"column":26}},"37":{"start":{"line":46,"column":19},"end":{"line":46,"column":27}},"38":{"start":{"line":47,"column":19},"end":{"line":47,"column":27}},"39":{"start":{"line":48,"column":2},"end":{"line":48,"column":94}},"40":{"start":{"line":48,"column":30},"end":{"line":48,"column":94}},"41":{"start":{"line":49,"column":12},"end":{"line":49,"column":14}},"42":{"start":{"line":50,"column":2},"end":{"line":54,"column":3}},"43":{"start":{"line":50,"column":15},"end":{"line":50,"column":16}},"44":{"start":{"line":51,"column":16},"end":{"line":51,"column":29}},"45":{"start":{"line":52,"column":4},"end":{"line":52,"column":60}},"46":{"start":{"line":52,"column":17},"end":{"line":52,"column":18}},"47":{"start":{"line":52,"column":33},"end":{"line":52,"column":60}},"48":{"start":{"line":53,"column":4},"end":{"line":53,"column":16}},"49":{"start":{"line":55,"column":2},"end":{"line":55,"column":11}},"50":{"start":{"line":59,"column":2},"end":{"line":59,"column":26}},"51":{"start":{"line":60,"column":17},"end":{"line":60,"column":25}},"52":{"start":{"line":61,"column":12},"end":{"line":61,"column":14}},"53":{"start":{"line":62,"column":2},"end":{"line":66,"column":3}},"54":{"start":{"line":62,"column":15},"end":{"line":62,"column":16}},"55":{"start":{"line":63,"column":16},"end":{"line":63,"column":28}},"56":{"start":{"line":64,"column":4},"end":{"line":64,"column":49}},"57":{"start":{"line":64,"column":17},"end":{"line":64,"column":18}},"58":{"start":{"line":64,"column":32},"end":{"line":64,"column":49}},"59":{"start":{"line":65,"column":4},"end":{"line":65,"column":16}},"60":{"start":{"line":67,"column":2},"end":{"line":67,"column":11}},"61":{"start":{"line":71,"column":2},"end":{"line":71,"column":26}},"62":{"start":{"line":73,"column":2},"end":{"line":82,"column":3}},"63":{"start":{"line":74,"column":19},"end":{"line":74,"column":27}},"64":{"start":{"line":75,"column":14},"end":{"line":75,"column":16}},"65":{"start":{"line":76,"column":4},"end":{"line":80,"column":5}},"66":{"start":{"line":76,"column":17},"end":{"line":76,"column":18}},"67":{"start":{"line":77,"column":18},"end":{"line":77,"column":30}},"68":{"start":{"line":78,"column":6},"end":{"line":78,"column":55}},"69":{"start":{"line":78,"column":19},"end":{"line":78,"column":20}},"70":{"start":{"line":78,"column":34},"end":{"line":78,"column":55}},"71":{"start":{"line":79,"column":6},"end":{"line":79,"column":18}},"72":{"start":{"line":81,"column":4},"end":{"line":81,"column":13}},"73":{"start":{"line":83,"column":2},"end":{"line":83,"column":26}},"74":{"start":{"line":84,"column":19},"end":{"line":84,"column":27}},"75":{"start":{"line":85,"column":19},"end":{"line":85,"column":27}},"76":{"start":{"line":86,"column":2},"end":{"line":86,"column":97}},"77":{"start":{"line":86,"column":17},"end":{"line":86,"column":97}},"78":{"start":{"line":87,"column":12},"end":{"line":87,"column":14}},"79":{"start":{"line":88,"column":2},"end":{"line":96,"column":3}},"80":{"start":{"line":88,"column":15},"end":{"line":88,"column":16}},"81":{"start":{"line":89,"column":16},"end":{"line":89,"column":37}},"82":{"start":{"line":90,"column":4},"end":{"line":94,"column":5}},"83":{"start":{"line":90,"column":17},"end":{"line":90,"column":18}},"84":{"start":{"line":91,"column":6},"end":{"line":93,"column":7}},"85":{"start":{"line":91,"column":19},"end":{"line":91,"column":20}},"86":{"start":{"line":92,"column":8},"end":{"line":92,"column":36}},"87":{"start":{"line":95,"column":4},"end":{"line":95,"column":16}},"88":{"start":{"line":97,"column":2},"end":{"line":97,"column":11}},"89":{"start":{"line":102,"column":2},"end":{"line":102,"column":26}},"90":{"start":{"line":103,"column":2},"end":{"line":103,"column":87}},"91":{"start":{"line":103,"column":20},"end":{"line":103,"column":87}},"92":{"start":{"line":104,"column":12},"end":{"line":104,"column":20}},"93":{"start":{"line":105,"column":2},"end":{"line":105,"column":30}},"94":{"start":{"line":105,"column":15},"end":{"line":105,"column":30}},"95":{"start":{"line":106,"column":2},"end":{"line":106,"column":56}},"96":{"start":{"line":106,"column":15},"end":{"line":106,"column":56}},"97":{"start":{"line":108,"column":12},"end":{"line":108,"column":13}},"98":{"start":{"line":109,"column":2},"end":{"line":119,"column":3}},"99":{"start":{"line":109,"column":17},"end":{"line":109,"column":18}},"100":{"start":{"line":111,"column":18},"end":{"line":111,"column":20}},"101":{"start":{"line":112,"column":4},"end":{"line":116,"column":5}},"102":{"start":{"line":112,"column":17},"end":{"line":112,"column":18}},"103":{"start":{"line":113,"column":18},"end":{"line":113,"column":20}},"104":{"start":{"line":114,"column":6},"end":{"line":114,"column":67}},"105":{"start":{"line":114,"column":19},"end":{"line":114,"column":20}},"106":{"start":{"line":114,"column":34},"end":{"line":114,"column":67}},"107":{"start":{"line":114,"column":49},"end":{"line":114,"column":67}},"108":{"start":{"line":115,"column":6},"end":{"line":115,"column":22}},"109":{"start":{"line":117,"column":21},"end":{"line":117,"column":59}},"110":{"start":{"line":118,"column":4},"end":{"line":118,"column":41}},"111":{"start":{"line":120,"column":2},"end":{"line":120,"column":13}},"112":{"start":{"line":124,"column":2},"end":{"line":129,"column":3}},"113":{"start":{"line":125,"column":4},"end":{"line":125,"column":28}},"114":{"start":{"line":126,"column":4},"end":{"line":126,"column":28}},"115":{"start":{"line":128,"column":4},"end":{"line":128,"column":17}},"116":{"start":{"line":130,"column":19},"end":{"line":130,"column":27}},"117":{"start":{"line":131,"column":19},"end":{"line":131,"column":27}},"118":{"start":{"line":132,"column":2},"end":{"line":132,"column":43}},"119":{"start":{"line":132,"column":30},"end":{"line":132,"column":43}},"120":{"start":{"line":133,"column":2},"end":{"line":137,"column":3}},"121":{"start":{"line":133,"column":15},"end":{"line":133,"column":16}},"122":{"start":{"line":134,"column":4},"end":{"line":136,"column":5}},"123":{"start":{"line":134,"column":17},"end":{"line":134,"column":18}},"124":{"start":{"line":135,"column":6},"end":{"line":135,"column":58}},"125":{"start":{"line":135,"column":45},"end":{"line":135,"column":58}},"126":{"start":{"line":138,"column":2},"end":{"line":138,"column":14}},"127":{"start":{"line":141,"column":0},"end":{"line":152,"column":2}}},"fnMap":{"0":{"name":"_validateMatrix","decl":{"start":{"line":1,"column":9},"end":{"line":1,"column":24}},"loc":{"start":{"line":1,"column":45},"end":{"line":11,"column":1}},"line":1},"1":{"name":"cloneMatrix","decl":{"start":{"line":13,"column":9},"end":{"line":13,"column":20}},"loc":{"start":{"line":13,"column":24},"end":{"line":16,"column":1}},"line":13},"2":{"name":"(anonymous_2)","decl":{"start":{"line":15,"column":15},"end":{"line":15,"column":16}},"loc":{"start":{"line":15,"column":22},"end":{"line":15,"column":33}},"line":15},"3":{"name":"shape","decl":{"start":{"line":18,"column":9},"end":{"line":18,"column":14}},"loc":{"start":{"line":18,"column":18},"end":{"line":21,"column":1}},"line":18},"4":{"name":"isSquare","decl":{"start":{"line":23,"column":9},"end":{"line":23,"column":17}},"loc":{"start":{"line":23,"column":21},"end":{"line":26,"column":1}},"line":23},"5":{"name":"add","decl":{"start":{"line":28,"column":9},"end":{"line":28,"column":12}},"loc":{"start":{"line":28,"column":19},"end":{"line":41,"column":1}},"line":28},"6":{"name":"subtract","decl":{"start":{"line":43,"column":9},"end":{"line":43,"column":17}},"loc":{"start":{"line":43,"column":24},"end":{"line":56,"column":1}},"line":43},"7":{"name":"transpose","decl":{"start":{"line":58,"column":9},"end":{"line":58,"column":18}},"loc":{"start":{"line":58,"column":22},"end":{"line":68,"column":1}},"line":58},"8":{"name":"multiply","decl":{"start":{"line":70,"column":9},"end":{"line":70,"column":17}},"loc":{"start":{"line":70,"column":24},"end":{"line":98,"column":1}},"line":70},"9":{"name":"determinant","decl":{"start":{"line":101,"column":9},"end":{"line":101,"column":20}},"loc":{"start":{"line":101,"column":24},"end":{"line":121,"column":1}},"line":101},"10":{"name":"equals","decl":{"start":{"line":123,"column":9},"end":{"line":123,"column":15}},"loc":{"start":{"line":123,"column":34},"end":{"line":139,"column":1}},"line":123}},"branchMap":{"0":{"loc":{"start":{"line":1,"column":28},"end":{"line":1,"column":43}},"type":"default-arg","locations":[{"start":{"line":1,"column":35},"end":{"line":1,"column":43}}],"line":1},"1":{"loc":{"start":{"line":2,"column":2},"end":{"line":2,"column":99}},"type":"if","locations":[{"start":{"line":2,"column":2},"end":{"line":2,"column":99}},{"start":{},"end":{}}],"line":2},"2":{"loc":{"start":{"line":2,"column":6},"end":{"line":2,"column":41}},"type":"binary-expr","locations":[{"start":{"line":2,"column":6},"end":{"line":2,"column":23}},{"start":{"line":2,"column":27},"end":{"line":2,"column":41}}],"line":2},"3":{"loc":{"start":{"line":4,"column":2},"end":{"line":4,"column":101}},"type":"if","locations":[{"start":{"line":4,"column":2},"end":{"line":4,"column":101}},{"start":{},"end":{}}],"line":4},"4":{"loc":{"start":{"line":4,"column":6},"end":{"line":4,"column":43}},"type":"binary-expr","locations":[{"start":{"line":4,"column":6},"end":{"line":4,"column":29}},{"start":{"line":4,"column":33},"end":{"line":4,"column":43}}],"line":4},"5":{"loc":{"start":{"line":6,"column":4},"end":{"line":6,"column":110}},"type":"if","locations":[{"start":{"line":6,"column":4},"end":{"line":6,"column":110}},{"start":{},"end":{}}],"line":6},"6":{"loc":{"start":{"line":6,"column":8},"end":{"line":6,"column":52}},"type":"binary-expr","locations":[{"start":{"line":6,"column":8},"end":{"line":6,"column":28}},{"start":{"line":6,"column":32},"end":{"line":6,"column":52}}],"line":6},"7":{"loc":{"start":{"line":8,"column":6},"end":{"line":8,"column":124}},"type":"if","locations":[{"start":{"line":8,"column":6},"end":{"line":8,"column":124}},{"start":{},"end":{}}],"line":8},"8":{"loc":{"start":{"line":8,"column":10},"end":{"line":8,"column":62}},"type":"binary-expr","locations":[{"start":{"line":8,"column":10},"end":{"line":8,"column":37}},{"start":{"line":8,"column":41},"end":{"line":8,"column":62}}],"line":8},"9":{"loc":{"start":{"line":33,"column":2},"end":{"line":33,"column":91}},"type":"if","locations":[{"start":{"line":33,"column":2},"end":{"line":33,"column":91}},{"start":{},"end":{}}],"line":33},"10":{"loc":{"start":{"line":33,"column":6},"end":{"line":33,"column":28}},"type":"binary-expr","locations":[{"start":{"line":33,"column":6},"end":{"line":33,"column":15}},{"start":{"line":33,"column":19},"end":{"line":33,"column":28}}],"line":33},"11":{"loc":{"start":{"line":48,"column":2},"end":{"line":48,"column":94}},"type":"if","locations":[{"start":{"line":48,"column":2},"end":{"line":48,"column":94}},{"start":{},"end":{}}],"line":48},"12":{"loc":{"start":{"line":48,"column":6},"end":{"line":48,"column":28}},"type":"binary-expr","locations":[{"start":{"line":48,"column":6},"end":{"line":48,"column":15}},{"start":{"line":48,"column":19},"end":{"line":48,"column":28}}],"line":48},"13":{"loc":{"start":{"line":73,"column":2},"end":{"line":82,"column":3}},"type":"if","locations":[{"start":{"line":73,"column":2},"end":{"line":82,"column":3}},{"start":{},"end":{}}],"line":73},"14":{"loc":{"start":{"line":86,"column":2},"end":{"line":86,"column":97}},"type":"if","locations":[{"start":{"line":86,"column":2},"end":{"line":86,"column":97}},{"start":{},"end":{}}],"line":86},"15":{"loc":{"start":{"line":103,"column":2},"end":{"line":103,"column":87}},"type":"if","locations":[{"start":{"line":103,"column":2},"end":{"line":103,"column":87}},{"start":{},"end":{}}],"line":103},"16":{"loc":{"start":{"line":105,"column":2},"end":{"line":105,"column":30}},"type":"if","locations":[{"start":{"line":105,"column":2},"end":{"line":105,"column":30}},{"start":{},"end":{}}],"line":105},"17":{"loc":{"start":{"line":106,"column":2},"end":{"line":106,"column":56}},"type":"if","locations":[{"start":{"line":106,"column":2},"end":{"line":106,"column":56}},{"start":{},"end":{}}],"line":106},"18":{"loc":{"start":{"line":114,"column":34},"end":{"line":114,"column":67}},"type":"if","locations":[{"start":{"line":114,"column":34},"end":{"line":114,"column":67}},{"start":{},"end":{}}],"line":114},"19":{"loc":{"start":{"line":117,"column":22},"end":{"line":117,"column":46}},"type":"cond-expr","locations":[{"start":{"line":117,"column":40},"end":{"line":117,"column":41}},{"start":{"line":117,"column":44},"end":{"line":117,"column":46}}],"line":117},"20":{"loc":{"start":{"line":123,"column":22},"end":{"line":123,"column":32}},"type":"default-arg","locations":[{"start":{"line":123,"column":28},"end":{"line":123,"column":32}}],"line":123},"21":{"loc":{"start":{"line":132,"column":2},"end":{"line":132,"column":43}},"type":"if","locations":[{"start":{"line":132,"column":2},"end":{"line":132,"column":43}},{"start":{},"end":{}}],"line":132},"22":{"loc":{"start":{"line":132,"column":6},"end":{"line":132,"column":28}},"type":"binary-expr","locations":[{"start":{"line":132,"column":6},"end":{"line":132,"column":15}},{"start":{"line":132,"column":19},"end":{"line":132,"column":28}}],"line":132},"23":{"loc":{"start":{"line":135,"column":6},"end":{"line":135,"column":58}},"type":"if","locations":[{"start":{"line":135,"column":6},"end":{"line":135,"column":58}},{"start":{},"end":{}}],"line":135}},"s":{"0":40,"1":0,"2":40,"3":40,"4":0,"5":40,"6":40,"7":72,"8":0,"9":72,"10":72,"11":154,"12":0,"13":0,"14":0,"15":0,"16":20,"17":20,"18":6,"19":6,"20":2,"21":2,"22":2,"23":2,"24":2,"25":1,"26":1,"27":1,"28":1,"29":2,"30":2,"31":2,"32":4,"33":2,"34":1,"35":0,"36":0,"37":0,"38":0,"39":0,"40":0,"41":0,"42":0,"43":0,"44":0,"45":0,"46":0,"47":0,"48":0,"49":0,"50":1,"51":1,"52":1,"53":1,"54":1,"55":3,"56":3,"57":3,"58":6,"59":3,"60":1,"61":3,"62":3,"63":1,"64":1,"65":1,"66":1,"67":2,"68":2,"69":2,"70":4,"71":2,"72":1,"73":2,"74":2,"75":2,"76":2,"77":1,"78":1,"79":1,"80":1,"81":2,"82":2,"83":2,"84":4,"85":4,"86":8,"87":2,"88":1,"89":6,"90":6,"91":0,"92":6,"93":6,"94":1,"95":5,"96":4,"97":1,"98":1,"99":1,"100":3,"101":3,"102":3,"103":6,"104":6,"105":6,"106":18,"107":12,"108":6,"109":3,"110":3,"111":1,"112":2,"113":2,"114":2,"115":0,"116":2,"117":2,"118":2,"119":1,"120":1,"121":1,"122":2,"123":2,"124":4,"125":0,"126":1,"127":1},"f":{"0":40,"1":0,"2":0,"3":20,"4":6,"5":2,"6":0,"7":1,"8":3,"9":6,"10":2},"b":{"0":[20],"1":[0,40],"2":[40,40],"3":[0,40],"4":[40,40],"5":[0,72],"6":[72,72],"7":[0,154],"8":[154,154],"9":[1,1],"10":[2,1],"11":[0,0],"12":[0,0],"13":[1,2],"14":[1,1],"15":[0,6],"16":[1,5],"17":[4,1],"18":[12,6],"19":[2,1],"20":[2],"21":[1,1],"22":[2,2],"23":[0,4]},"_coverageSchema":"1a1c01bbd47fc00a2c39e90264f33305004495a9","hash":"eb2ac8ebc8d4cda78026be184cc120eac29f0e27","contentHash":"ef121bd4fa064b4a7801246e28a2b04106045249d266eda7de5d9d59e8267b5d"}}